[2023-11-04 16:36:34.680] [info] Logseq App(0.9.20) Starting... 
[2023-11-04 16:36:34.683] [info] restore proxy settings {:type "system"}
[2023-11-04 16:36:34.683] [info] set proxy to {:type "system"}
[2023-11-04 16:36:35.995] [debug] :electron.handler/watch-dir {:path "/home/lia/.logseq/config"}
[2023-11-04 16:38:32.416] [debug] window-all-closed Quitting...
[2023-11-04 16:38:32.899] [info] Logseq App(0.9.20) Starting... 
[2023-11-04 16:38:32.902] [info] restore proxy settings {:type "system"}
[2023-11-04 16:38:32.902] [info] set proxy to {:type "system"}
[2023-11-04 16:38:34.194] [debug] :electron.handler/watch-dir {:path "/home/lia/.logseq/config"}
[2023-11-04 16:40:23.652] [info] new-window https://discuss.logseq.com/t/whats-your-preferred-outdent-behavior-the-direct-one-or-the-logical-one/978
[2023-11-04 16:41:04.820] [debug] window-all-closed Quitting...
[2023-11-04 16:41:06.986] [info] Logseq App(0.9.20) Starting... 
[2023-11-04 16:41:06.988] [info] restore proxy settings {:type "system"}
[2023-11-04 16:41:06.989] [info] set proxy to {:type "system"}
[2023-11-04 16:41:08.267] [debug] :electron.handler/watch-dir {:path "/home/lia/.logseq/config"}
[2023-11-04 16:41:57.516] [debug] window-all-closed Quitting...
[2023-11-04 16:42:11.444] [info] Logseq App(0.9.20) Starting... 
[2023-11-04 16:42:11.447] [info] restore proxy settings {:type "system"}
[2023-11-04 16:42:11.447] [info] set proxy to {:type "system"}
[2023-11-04 16:42:12.713] [debug] :electron.handler/watch-dir {:path "/home/lia/.logseq/config"}
[2023-11-04 16:46:30.896] [info] :electron.handler/open-dir open folder selection dialog
[2023-11-04 16:46:49.320] [debug] :electron.handler/open-dir {:path "/home/lia/Documents/notes/logseq-test"}
[2023-11-04 16:46:49.488] [debug] :electron.handler/watch-dir {:path "/home/lia/Documents/notes/logseq-test"}
[2023-11-04 16:47:39.262] [debug] :electron.handler/watch-dir {:path "/home/lia/Documents/notes/logseq-test"}
[2023-11-04 16:49:00.064] [debug] :electron.handler/get-files {:path "/home/lia/Documents/notes/logseq-test"}
[2023-11-04 16:49:00.131] [debug] :electron.handler/watch-dir {:path "/home/lia/Documents/notes/logseq-test"}
[2023-11-04 16:50:26.210] [debug] window-all-closed Quitting...
[2023-11-04 17:56:52.344] [info] Logseq App(0.9.20) Starting... 
[2023-11-04 17:56:52.347] [info] restore proxy settings {:type "system"}
[2023-11-04 17:56:52.347] [info] set proxy to {:type "system"}
[2023-11-04 17:56:53.614] [debug] :electron.handler/watch-dir {:path "/home/lia/.logseq/config"}
[2023-11-04 17:56:53.622] [debug] :electron.handler/unwatch-dir {:path "/home/lia/Documents/notes/logseq-test"}
[2023-11-04 17:56:53.622] [debug] :electron.handler/watch-dir {:path "/home/lia/Documents/notes/logseq-test"}
[2023-11-04 17:57:15.112] [error] Search blocks failed:  SqliteError: fts5: syntax error near ";"
[2023-11-04 17:57:15.114] [error] Search page failed:  SqliteError: fts5: syntax error near ";"
[2023-11-04 18:07:53.148] [debug] window-all-closed Quitting...
[2023-11-04 18:56:51.018] [info] Logseq App(0.9.20) Starting... 
[2023-11-04 18:56:51.021] [info] restore proxy settings {:type "system"}
[2023-11-04 18:56:51.021] [info] set proxy to {:type "system"}
[2023-11-04 18:56:52.294] [debug] :electron.handler/watch-dir {:path "/home/lia/.logseq/config"}
[2023-11-04 18:56:52.304] [debug] :electron.handler/unwatch-dir {:path "/home/lia/Documents/notes/logseq-test"}
[2023-11-04 18:56:52.304] [debug] :electron.handler/watch-dir {:path "/home/lia/Documents/notes/logseq-test"}
[2023-11-04 18:57:51.538] [debug] [Marketplace] === Installing: vipzhicheng/logseq-plugin-vim-shortcuts ===
[2023-11-04 18:57:51.970] [debug] [Marketplace] INFO: use github api -  https://plugins.logseq.io/github/api
[2023-11-04 18:57:52.385] [debug] [Marketplace] Release latest: https://plugins.logseq.io/github/api/repos/vipzhicheng/logseq-plugin-vim-shortcuts/releases/latest :status 200
[2023-11-04 18:57:52.387] [debug] [Marketplace] Release latest: v0.1.20  from https://api.github.com/repos/vipzhicheng/logseq-plugin-vim-shortcuts/releases/assets/131908628
[2023-11-04 18:57:52.994] [debug] [Marketplace] [Updated DONE] v0.1.20
[2023-11-04 18:59:37.904] [debug] [Marketplace] === Installing: sansui233/logseq-bonofix-theme ===
[2023-11-04 18:59:38.132] [debug] [Marketplace] INFO: use github api -  https://plugins.logseq.io/github/api
[2023-11-04 18:59:38.461] [debug] [Marketplace] Release latest: https://plugins.logseq.io/github/api/repos/sansui233/logseq-bonofix-theme/releases/latest :status 200
[2023-11-04 18:59:38.466] [debug] [Marketplace] Release latest: v3.8.6  from https://api.github.com/repos/Sansui233/logseq-bonofix-theme/releases/assets/100440235
[2023-11-04 18:59:38.895] [debug] [Marketplace] [Updated DONE] v3.8.6
[2023-11-04 19:00:03.794] [debug] window-all-closed Quitting...
[2023-11-04 19:00:30.733] [info] Logseq App(0.9.20) Starting... 
[2023-11-04 19:00:30.736] [info] restore proxy settings {:type "system"}
[2023-11-04 19:00:30.736] [info] set proxy to {:type "system"}
[2023-11-04 19:00:32.174] [debug] :electron.handler/watch-dir {:path "/home/lia/.logseq/config"}
[2023-11-04 19:00:32.186] [debug] :electron.handler/unwatch-dir {:path "/home/lia/Documents/notes/logseq-test"}
[2023-11-04 19:00:32.187] [debug] :electron.handler/watch-dir {:path "/home/lia/Documents/notes/logseq-test"}
[2023-11-04 19:00:32.268] [error] IPC error:  {:event #object[Event [object Object]], :args #js ["readdir" "/home/lia/Documents/notes/logseq-test"]} Error: ENOENT: no such file or directory, scandir '/home/lia/Documents/notes/logseq-test'
    at Object.readdirSync (node:fs:1452:3)
    at t.readdirSync (node:electron/js2c/asar_bundle:2:10884)
    at /opt/logseq-desktop/resources/app/electron.js:570:654
    at /opt/logseq-desktop/resources/app/electron.js:187:126
    at se (/opt/logseq-desktop/resources/app/electron.js:124:54)
    at h.Y (/opt/logseq-desktop/resources/app/electron.js:126:263)
    at F (/opt/logseq-desktop/resources/app/electron.js:55:83)
    at /opt/logseq-desktop/resources/app/electron.js:186:54
    at se (/opt/logseq-desktop/resources/app/electron.js:124:54)
    at h.Y (/opt/logseq-desktop/resources/app/electron.js:126:263)
[2023-11-04 19:00:40.793] [info] :electron.handler/open-dir open folder selection dialog
[2023-11-04 19:00:44.951] [debug] :electron.handler/open-dir {:path "/home/lia/Documents/notes/Notizen"}
[2023-11-04 19:00:45.216] [debug] :electron.handler/watch-dir {:path "/home/lia/Documents/notes/Notizen"}
[2023-11-04 19:02:59.612] [debug] window-all-closed Quitting...
